2023-02-02 19:31:46,316 ----------------------------------------------------------------------------------------------------
2023-02-02 19:31:46,316 Model: "TextClassifier(
  (decoder): Linear(in_features=100, out_features=100, bias=True)
  (dropout): Dropout(p=0.0, inplace=False)
  (locked_dropout): LockedDropout(p=0.0)
  (word_dropout): WordDropout(p=0.0)
  (loss_function): CrossEntropyLoss()
  (document_embeddings): WordEmbeddings(
    'glove'
    (embedding): Embedding(400001, 100)
  )
  (weights): None
  (weight_tensor) None
)"
2023-02-02 19:31:46,316 ----------------------------------------------------------------------------------------------------
2023-02-02 19:31:46,316 Corpus: "Corpus: 2613 train + 290 dev + 323 test sentences"
2023-02-02 19:31:46,316 ----------------------------------------------------------------------------------------------------
2023-02-02 19:31:46,316 Parameters:
2023-02-02 19:31:46,316  - learning_rate: "0.100000"
2023-02-02 19:31:46,316  - mini_batch_size: "32"
2023-02-02 19:31:46,316  - patience: "5"
2023-02-02 19:31:46,316  - anneal_factor: "0.5"
2023-02-02 19:31:46,316  - max_epochs: "100"
2023-02-02 19:31:46,316  - shuffle: "True"
2023-02-02 19:31:46,316  - train_with_dev: "False"
2023-02-02 19:31:46,316  - batch_growth_annealing: "False"
2023-02-02 19:31:46,316 ----------------------------------------------------------------------------------------------------
2023-02-02 19:31:46,316 Model training base path: "models"
2023-02-02 19:31:46,316 ----------------------------------------------------------------------------------------------------
2023-02-02 19:31:46,317 Device: cpu
2023-02-02 19:31:46,317 ----------------------------------------------------------------------------------------------------
2023-02-02 19:31:46,317 Embeddings storage mode: cpu
2023-02-02 19:31:46,317 ----------------------------------------------------------------------------------------------------
