2023-02-01 16:10:41,891 ----------------------------------------------------------------------------------------------------
2023-02-01 16:10:41,891 Model: "TextClassifier(
  (decoder): Linear(in_features=4196, out_features=36, bias=True)
  (dropout): Dropout(p=0.0, inplace=False)
  (locked_dropout): LockedDropout(p=0.0)
  (word_dropout): WordDropout(p=0.0)
  (loss_function): CrossEntropyLoss()
  (document_embeddings): StackedEmbeddings(
    (list_embedding_0): WordEmbeddings(
      'glove'
      (embedding): Embedding(400001, 100)
    )
    (list_embedding_1): FlairEmbeddings(
      (lm): LanguageModel(
        (drop): Dropout(p=0.05, inplace=False)
        (encoder): Embedding(300, 100)
        (rnn): LSTM(100, 2048)
        (decoder): Linear(in_features=2048, out_features=300, bias=True)
      )
    )
    (list_embedding_2): FlairEmbeddings(
      (lm): LanguageModel(
        (drop): Dropout(p=0.05, inplace=False)
        (encoder): Embedding(300, 100)
        (rnn): LSTM(100, 2048)
        (decoder): Linear(in_features=2048, out_features=300, bias=True)
      )
    )
  )
  (weights): None
  (weight_tensor) None
)"
2023-02-01 16:10:41,892 ----------------------------------------------------------------------------------------------------
2023-02-01 16:10:41,892 Corpus: "Corpus: 655 train + 73 dev + 81 test sentences"
2023-02-01 16:10:41,892 ----------------------------------------------------------------------------------------------------
2023-02-01 16:10:41,892 Parameters:
2023-02-01 16:10:41,892  - learning_rate: "0.100000"
2023-02-01 16:10:41,892  - mini_batch_size: "32"
2023-02-01 16:10:41,892  - patience: "3"
2023-02-01 16:10:41,892  - anneal_factor: "0.5"
2023-02-01 16:10:41,892  - max_epochs: "100"
2023-02-01 16:10:41,892  - shuffle: "True"
2023-02-01 16:10:41,892  - train_with_dev: "False"
2023-02-01 16:10:41,892  - batch_growth_annealing: "False"
2023-02-01 16:10:41,892 ----------------------------------------------------------------------------------------------------
2023-02-01 16:10:41,892 Model training base path: "model"
2023-02-01 16:10:41,892 ----------------------------------------------------------------------------------------------------
2023-02-01 16:10:41,893 Device: cpu
2023-02-01 16:10:41,893 ----------------------------------------------------------------------------------------------------
2023-02-01 16:10:41,893 Embeddings storage mode: cpu
2023-02-01 16:10:41,893 ----------------------------------------------------------------------------------------------------
